<?xml version="1.0" encoding="UTF-8"?>
<!-- Generated by org.testng.reporters.JUnitReportReporter -->
<testsuite hostname="jyusuf-Mac" failures="0" tests="3" name="SeleniumWebdriver.MyFirstTestNG" time="14.117" errors="0" timestamp="2023-02-26T20:51:24 IST" skipped="0">
  <testcase classname="SeleniumWebdriver.MyFirstTestNG" name="teststartbrowser" time="13.970"/>
  <system-out/>
  <testcase classname="SeleniumWebdriver.MyFirstTestNG" name="verifyTitle" time="0.014"/>
  <system-out/>
  <testcase classname="SeleniumWebdriver.MyFirstTestNG" name="tearDown" time="0.133"/>
  <system-out/>
</testsuite> <!-- SeleniumWebdriver.MyFirstTestNG -->
