<?xml version="1.0" encoding="UTF-8"?>
<!-- Generated by org.testng.reporters.JUnitReportReporter -->
<testsuite hostname="jyusuf-Mac" failures="0" tests="1" name="SeleniumWebdriver.NewTest" time="0.014" errors="0" timestamp="2023-02-26T18:16:05 IST" skipped="0">
  <testcase classname="SeleniumWebdriver.NewTest" name="f" time="0.014"/>
  <system-out/>
</testsuite> <!-- SeleniumWebdriver.NewTest -->
